<?xml version="1.0" encoding="UTF-8"?>
<!-- Generated by org.testng.reporters.JUnitReportReporter -->
<testsuite skipped="0" hostname="DESKTOP-S42SFQ5" name="testCasesE.VerifyingValueFromCatagoryList" tests="1" failures="0" timestamp="17 Feb 2019 13:05:45 GMT" time="2.918" errors="0">
  <testcase name="verifedValueL" time="2.918" classname="testCasesE.VerifyingValueFromCatagoryList"/>
</testsuite> <!-- testCasesE.VerifyingValueFromCatagoryList -->
