<?xml version="1.0" encoding="UTF-8"?>
<!-- Generated by org.testng.reporters.JUnitReportReporter -->
<testsuite skipped="0" hostname="DESKTOP-S42SFQ5" name="testCasesE.GetElementFromCatagoriesList" tests="1" failures="0" timestamp="17 Feb 2019 12:29:36 GMT" time="4.377" errors="0">
  <testcase name="getvalue" time="4.377" classname="testCasesE.GetElementFromCatagoriesList"/>
</testsuite> <!-- testCasesE.GetElementFromCatagoriesList -->
