<?xml version="1.0" encoding="UTF-8"?>
<!-- Generated by org.testng.reporters.JUnitReportReporter -->
<testsuite skipped="0" hostname="DESKTOP-S42SFQ5" name="testCasesE.UserAbleToValidateSearchBox" tests="1" failures="0" timestamp="16 Feb 2019 23:46:05 GMT" time="10.808" errors="0">
  <testcase name="userAbleToValidateSearchBox" time="10.808" classname="testCasesE.UserAbleToValidateSearchBox"/>
</testsuite> <!-- testCasesE.UserAbleToValidateSearchBox -->
