<?xml version="1.0" encoding="UTF-8"?>
<!-- Generated by org.testng.reporters.JUnitReportReporter -->
<testsuite skipped="0" hostname="DESKTOP-S42SFQ5" name="testCasesE.UserAbleToAddToCart" tests="1" failures="0" timestamp="17 Feb 2019 12:01:59 GMT" time="14.874" errors="0">
  <testcase name="userAbleToAddToCart" time="14.874" classname="testCasesE.UserAbleToAddToCart"/>
</testsuite> <!-- testCasesE.UserAbleToAddToCart -->
