<?xml version="1.0" encoding="UTF-8"?>
<!-- Generated by org.testng.reporters.JUnitReportReporter -->
<testsuite skipped="0" hostname="DESKTOP-S42SFQ5" name="testCases.UserAbleToValidateUserInputField" tests="1" failures="0" timestamp="15 Feb 2019 22:58:12 GMT" time="8.360" errors="0">
  <testcase name="userAbleToValidateUserInputField" time="8.360" classname="testCases.UserAbleToValidateUserInputField"/>
</testsuite> <!-- testCases.UserAbleToValidateUserInputField -->
