<?xml version="1.0" encoding="UTF-8"?>
<!-- Generated by org.testng.reporters.JUnitReportReporter -->
<testsuite skipped="0" hostname="DESKTOP-S42SFQ5" name="testCases.UsersGetElementsFromDropDownList" tests="1" failures="0" timestamp="16 Feb 2019 22:17:41 GMT" time="5.828" errors="0">
  <testcase name="getDropDownList" time="5.828" classname="testCases.UsersGetElementsFromDropDownList"/>
</testsuite> <!-- testCases.UsersGetElementsFromDropDownList -->
