<?xml version="1.0" encoding="UTF-8"?>
<!-- Generated by org.testng.reporters.JUnitReportReporter -->
<testsuite skipped="0" hostname="DESKTOP-S42SFQ5" name="testCases.UserAbleToAddToCart" tests="1" failures="0" timestamp="17 Feb 2019 00:52:50 GMT" time="11.397" errors="0">
  <testcase name="userAbleToAddToCart" time="11.397" classname="testCases.UserAbleToAddToCart"/>
</testsuite> <!-- testCases.UserAbleToAddToCart -->
